-------------------------------------------------------------------------------
Test set: com.example.IO.service.TransformJSONSpecificPropertiesTest
-------------------------------------------------------------------------------
Tests run: 10, Failures: 1, Errors: 0, Skipped: 0, Time elapsed: 0.021 s <<< FAILURE! - in com.example.IO.service.TransformJSONSpecificPropertiesTest
keepGivenProperties  Time elapsed: 0.006 s  <<< FAILURE!
org.opentest4j.AssertionFailedError: expected: <[{"fruit":"Apple","size":"Large"}]> but was: <[{"fruit":"Apple","size":"Large" }]>
	at com.example.IO.service.TransformJSONSpecificPropertiesTest.keepGivenProperties(TransformJSONSpecificPropertiesTest.java:115)

